[debug] [2021-06-22T14:14:22.817Z] ----------------------------------------------------------------------
[debug] [2021-06-22T14:14:22.819Z] Command:       C:\Program Files (x86)\nodejs\node.exe C:\Users\krech\AppData\Roaming\npm\node_modules\firebase-tools\lib\bin\firebase.js init
[debug] [2021-06-22T14:14:22.819Z] CLI Version:   9.13.1
[debug] [2021-06-22T14:14:22.819Z] Platform:      win32
[debug] [2021-06-22T14:14:22.819Z] Node Version:  v14.14.0
[debug] [2021-06-22T14:14:22.820Z] Time:          Tue Jun 22 2021 17:14:22 GMT+0300 (за східноєвропейським літнім часом)
[debug] [2021-06-22T14:14:22.820Z] ----------------------------------------------------------------------
[debug] 
[debug] [2021-06-22T14:14:22.826Z] > command requires scopes: ["email","openid","https://www.googleapis.com/auth/cloudplatformprojects.readonly","https://www.googleapis.com/auth/firebase","https://www.googleapis.com/auth/cloud-platform"]
[debug] [2021-06-22T14:14:22.826Z] > authorizing via signed-in user (dimonoid2014@gmail.com)
[info] 
     ######## #### ########  ######## ########     ###     ######  ########
     ##        ##  ##     ## ##       ##     ##  ##   ##  ##       ##
     ######    ##  ########  ######   ########  #########  ######  ######
     ##        ##  ##    ##  ##       ##     ## ##     ##       ## ##
     ##       #### ##     ## ######## ########  ##     ##  ######  ########

You're about to initialize a Firebase project in this directory:

  C:\Users\krech\OneDrive\Рабочий стол\git_projects\appointment_app

[info] 
=== Project Setup
[info] 
[info] First, let's associate this project directory with a Firebase project.
[info] You can create multiple project aliases by running firebase use --add, 
[info] but for now we'll just set up a default project.
[info] 
[debug] [2021-06-22T14:14:42.190Z] > refreshing access token with scopes: []
[debug] [2021-06-22T14:14:42.191Z] >>> HTTP REQUEST POST https://www.googleapis.com/oauth2/v3/token  
 <request body omitted>
[debug] [2021-06-22T14:14:42.331Z] <<< HTTP RESPONSE 200 {"cache-control":"no-cache, no-store, max-age=0, must-revalidate","date":"Tue, 22 Jun 2021 14:14:41 GMT","pragma":"no-cache","expires":"Mon, 01 Jan 1990 00:00:00 GMT","content-type":"application/json; charset=utf-8","vary":"X-Origin, Referer, Origin,Accept-Encoding","server":"scaffolding on HTTPServer2","x-xss-protection":"0","x-frame-options":"SAMEORIGIN","x-content-type-options":"nosniff","alt-svc":"h3=\":443\"; ma=2592000,h3-29=\":443\"; ma=2592000,h3-T051=\":443\"; ma=2592000,h3-Q050=\":443\"; ma=2592000,h3-Q046=\":443\"; ma=2592000,h3-Q043=\":443\"; ma=2592000,quic=\":443\"; ma=2592000; v=\"46,43\"","accept-ranges":"none","transfer-encoding":"chunked"}
[debug] [2021-06-22T14:14:42.369Z] >>> [apiv2][query] GET https://firebase.googleapis.com/v1beta1/projects pageSize=100
[debug] [2021-06-22T14:14:42.727Z] <<< [apiv2][status] GET https://firebase.googleapis.com/v1beta1/projects 200
[debug] [2021-06-22T14:14:42.727Z] <<< [apiv2][body] GET https://firebase.googleapis.com/v1beta1/projects [omitted]
[info] i  Using project appointmentapp-d8450 (appointmentApp) 
[info] 
=== Hosting:github Setup
[info] 
[info] i  Detected a .git folder at C:\Users\krech\OneDrive\Рабочий стол\git_projects\appointment_app 
[info] i  Authorizing with GitHub to upload your service account to a GitHub repository's secrets store. 
[info] 
[info] Visit this URL on this device to log in:
[info] https://github.com/login/oauth/authorize?client_id=89cf50f02ac6aaed3484&state=787522281&redirect_uri=http%3A%2F%2Flocalhost%3A9005&scope=read%3Auser%20repo%20public_repo
[info] 
[info] Waiting for authentication...
[debug] [2021-06-22T14:15:09.328Z] >>> HTTP REQUEST POST https://github.com/login/oauth/access_token  
 {"client_id":"89cf50f02ac6aaed3484","client_secret":"3330d14abc895d9a74d5f17cd7a00711fa2c5bf0","code":"fd1853fe73eb1c7b9c6b","redirect_uri":"http://localhost:9005","state":"787522281"}
[debug] [2021-06-22T14:15:09.608Z] <<< HTTP RESPONSE 200 {"server":"GitHub.com","date":"Tue, 22 Jun 2021 14:15:08 GMT","content-type":"application/json; charset=utf-8","transfer-encoding":"chunked","vary":"X-PJAX, Accept-Encoding, Accept, X-Requested-With","permissions-policy":"interest-cohort=()","etag":"W/\"802cb9b096a26a8b9a6a0fa1ebf295ef\"","cache-control":"max-age=0, private, must-revalidate","strict-transport-security":"max-age=31536000; includeSubdomains; preload","x-frame-options":"deny","x-content-type-options":"nosniff","x-xss-protection":"0","referrer-policy":"origin-when-cross-origin, strict-origin-when-cross-origin","expect-ct":"max-age=2592000, report-uri=\"https://api.github.com/_private/browser/errors\"","content-security-policy":"default-src 'none'; base-uri 'self'; block-all-mixed-content; connect-src 'self' uploads.github.com www.githubstatus.com collector.githubapp.com api.github.com github-cloud.s3.amazonaws.com github-production-repository-file-5c1aeb.s3.amazonaws.com github-production-upload-manifest-file-7fdce7.s3.amazonaws.com github-production-user-asset-6210df.s3.amazonaws.com cdn.optimizely.com logx.optimizely.com/v1/events translator.github.com wss://alive.github.com; font-src github.githubassets.com; form-action 'self' github.com gist.github.com; frame-ancestors 'none'; frame-src render.githubusercontent.com render-temp.githubusercontent.com viewscreen.githubusercontent.com; img-src 'self' data: github.githubassets.com identicons.github.com collector.githubapp.com github-cloud.s3.amazonaws.com secured-user-images.githubusercontent.com/ *.githubusercontent.com; manifest-src 'self'; media-src 'none'; script-src github.githubassets.com; style-src 'unsafe-inline' github.githubassets.com; worker-src github.com/socket-worker-3f088aa2.js gist.github.com/socket-worker-3f088aa2.js","x-github-request-id":"83E6:1303B:1AA66AB:1B60117:60D1F06C"}
[debug] [2021-06-22T14:15:09.619Z] >>> [apiv2][query] GET https://api.github.com/user [none]
[debug] [2021-06-22T14:15:09.935Z] <<< [apiv2][status] GET https://api.github.com/user 200
[debug] [2021-06-22T14:15:09.936Z] <<< [apiv2][body] GET https://api.github.com/user {"login":"disage","id":59997369,"node_id":"MDQ6VXNlcjU5OTk3MzY5","avatar_url":"https://avatars.githubusercontent.com/u/59997369?v=4","gravatar_id":"","url":"https://api.github.com/users/disage","html_url":"https://github.com/disage","followers_url":"https://api.github.com/users/disage/followers","following_url":"https://api.github.com/users/disage/following{/other_user}","gists_url":"https://api.github.com/users/disage/gists{/gist_id}","starred_url":"https://api.github.com/users/disage/starred{/owner}{/repo}","subscriptions_url":"https://api.github.com/users/disage/subscriptions","organizations_url":"https://api.github.com/users/disage/orgs","repos_url":"https://api.github.com/users/disage/repos","events_url":"https://api.github.com/users/disage/events{/privacy}","received_events_url":"https://api.github.com/users/disage/received_events","type":"User","site_admin":false,"name":"Dmitry","company":null,"blog":"","location":null,"email":null,"hireable":null,"bio":null,"twitter_username":null,"public_repos":4,"public_gists":0,"followers":0,"following":0,"created_at":"2020-01-17T09:24:04Z","updated_at":"2021-06-22T14:15:08Z","private_gists":0,"total_private_repos":4,"owned_private_repos":4,"disk_usage":20375,"collaborators":1,"two_factor_authentication":false,"plan":{"name":"free","space":976562499,"collaborators":0,"private_repos":10000}}
[info] 
[info] +  Success! Logged into GitHub as disage 
[info] 
